# JRE version: OpenJDK Runtime Environment (8.0_242-b01) (build 1.8.0_242-release-1644-b01)
# Java VM: OpenJDK 64-Bit Server VM (25.242-b01 mixed mode windows-amd64 compressed oops)
Heap:
 PSYoungGen      total 279552K, used 56017K [0x00000000e0000000, 0x00000000f2680000, 0x0000000100000000)
  eden space 257536K, 13% used [0x00000000e0000000,0x00000000e2134570,0x00000000efb80000)
  from space 22016K, 100% used [0x00000000efb80000,0x00000000f1100000,0x00000000f1100000)
  to   space 19968K, 0% used [0x00000000f1300000,0x00000000f1300000,0x00000000f2680000)
 ParOldGen       total 183296K, used 59125K [0x00000000a0000000, 0x00000000ab300000, 0x00000000e0000000)
  object space 183296K, 32% used [0x00000000a0000000,0x00000000a39bd4c8,0x00000000ab300000)
 Metaspace       used 64510K, capacity 68932K, committed 69144K, reserved 1107968K
  class space    used 8982K, capacity 10179K, committed 10264K, reserved 1048576K
GC Heap History (10 events):
Event: 33.237 GC heap before
{Heap before GC invocations=10 (full 2):
 PSYoungGen      total 125952K, used 113664K [0x00000000e0000000, 0x00000000ed580000, 0x0000000100000000)
  eden space 113664K, 100% used [0x00000000e0000000,0x00000000e6f00000,0x00000000e6f00000)
  from space 12288K, 0% used [0x00000000e6f00000,0x00000000e6f00000,0x00000000e7b00000)
  to   space 13824K, 0% used [0x00000000ec800000,0x00000000ec800000,0x00000000ed580000)
 ParOldGen       total 126976K, used 19603K [0x00000000a0000000, 0x00000000a7c00000, 0x00000000e0000000)
  object space 126976K, 15% used [0x00000000a0000000,0x00000000a1324f28,0x00000000a7c00000)
 Metaspace       used 46505K, capacity 47648K, committed 48040K, reserved 1091584K
  class space    used 6173K, capacity 6458K, committed 6568K, reserved 1048576K
Event: 33.264 GC heap after
Heap after GC invocations=10 (full 2):
 PSYoungGen      total 202240K, used 13792K [0x00000000e0000000, 0x00000000ed700000, 0x0000000100000000)
  eden space 188416K, 0% used [0x00000000e0000000,0x00000000e0000000,0x00000000eb800000)
  from space 13824K, 99% used [0x00000000ec800000,0x00000000ed578258,0x00000000ed580000)
  to   space 15872K, 0% used [0x00000000eb800000,0x00000000eb800000,0x00000000ec780000)
 ParOldGen       total 126976K, used 20269K [0x00000000a0000000, 0x00000000a7c00000, 0x00000000e0000000)
  object space 126976K, 15% used [0x00000000a0000000,0x00000000a13cb618,0x00000000a7c00000)
 Metaspace       used 46505K, capacity 47648K, committed 48040K, reserved 1091584K
  class space    used 6173K, capacity 6458K, committed 6568K, reserved 1048576K
}
Event: 47.739 GC heap before
{Heap before GC invocations=11 (full 2):
 PSYoungGen      total 202240K, used 202208K [0x00000000e0000000, 0x00000000ed700000, 0x0000000100000000)
  eden space 188416K, 100% used [0x00000000e0000000,0x00000000eb800000,0x00000000eb800000)
  from space 13824K, 99% used [0x00000000ec800000,0x00000000ed578258,0x00000000ed580000)
  to   space 15872K, 0% used [0x00000000eb800000,0x00000000eb800000,0x00000000ec780000)
 ParOldGen       total 126976K, used 20269K [0x00000000a0000000, 0x00000000a7c00000, 0x00000000e0000000)
  object space 126976K, 15% used [0x00000000a0000000,0x00000000a13cb618,0x00000000a7c00000)
 Metaspace       used 54922K, capacity 56820K, committed 56872K, reserved 1097728K
  class space    used 7497K, capacity 7930K, committed 7976K, reserved 1048576K
Event: 47.838 GC heap after
Heap after GC invocations=11 (full 2):
 PSYoungGen      total 204288K, used 15842K [0x00000000e0000000, 0x00000000f2780000, 0x0000000100000000)
  eden space 188416K, 0% used [0x00000000e0000000,0x00000000e0000000,0x00000000eb800000)
  from space 15872K, 99% used [0x00000000eb800000,0x00000000ec778be0,0x00000000ec780000)
  to   space 20992K, 0% used [0x00000000f1300000,0x00000000f1300000,0x00000000f2780000)
 ParOldGen       total 126976K, used 29359K [0x00000000a0000000, 0x00000000a7c00000, 0x00000000e0000000)
  object space 126976K, 23% used [0x00000000a0000000,0x00000000a1cabc30,0x00000000a7c00000)
 Metaspace       used 54922K, capacity 56820K, committed 56872K, reserved 1097728K
  class space    used 7497K, capacity 7930K, committed 7976K, reserved 1048576K
}
Event: 54.043 GC heap before
{Heap before GC invocations=12 (full 2):
 PSYoungGen      total 204288K, used 86772K [0x00000000e0000000, 0x00000000f2780000, 0x0000000100000000)
  eden space 188416K, 37% used [0x00000000e0000000,0x00000000e45444d0,0x00000000eb800000)
  from space 15872K, 99% used [0x00000000eb800000,0x00000000ec778be0,0x00000000ec780000)
  to   space 20992K, 0% used [0x00000000f1300000,0x00000000f1300000,0x00000000f2780000)
 ParOldGen       total 126976K, used 29359K [0x00000000a0000000, 0x00000000a7c00000, 0x00000000e0000000)
  object space 126976K, 23% used [0x00000000a0000000,0x00000000a1cabc30,0x00000000a7c00000)
 Metaspace       used 56874K, capacity 59076K, committed 59160K, reserved 1099776K
  class space    used 7799K, capacity 8397K, committed 8472K, reserved 1048576K
Event: 54.075 GC heap after
Heap after GC invocations=12 (full 2):
 PSYoungGen      total 277504K, used 16789K [0x00000000e0000000, 0x00000000f2680000, 0x0000000100000000)
  eden space 257536K, 0% used [0x00000000e0000000,0x00000000e0000000,0x00000000efb80000)
  from space 19968K, 84% used [0x00000000f1300000,0x00000000f23656c0,0x00000000f2680000)
  to   space 22016K, 0% used [0x00000000efb80000,0x00000000efb80000,0x00000000f1100000)
 ParOldGen       total 126976K, used 34881K [0x00000000a0000000, 0x00000000a7c00000, 0x00000000e0000000)
  object space 126976K, 27% used [0x00000000a0000000,0x00000000a22107d8,0x00000000a7c00000)
 Metaspace       used 56874K, capacity 59076K, committed 59160K, reserved 1099776K
  class space    used 7799K, capacity 8397K, committed 8472K, reserved 1048576K
}
Event: 54.075 GC heap before
{Heap before GC invocations=13 (full 3):
 PSYoungGen      total 277504K, used 16789K [0x00000000e0000000, 0x00000000f2680000, 0x0000000100000000)
  eden space 257536K, 0% used [0x00000000e0000000,0x00000000e0000000,0x00000000efb80000)
  from space 19968K, 84% used [0x00000000f1300000,0x00000000f23656c0,0x00000000f2680000)
  to   space 22016K, 0% used [0x00000000efb80000,0x00000000efb80000,0x00000000f1100000)
 ParOldGen       total 126976K, used 34881K [0x00000000a0000000, 0x00000000a7c00000, 0x00000000e0000000)
  object space 126976K, 27% used [0x00000000a0000000,0x00000000a22107d8,0x00000000a7c00000)
 Metaspace       used 56874K, capacity 59076K, committed 59160K, reserved 1099776K
  class space    used 7799K, capacity 8397K, committed 8472K, reserved 1048576K
Event: 54.340 GC heap after
Heap after GC invocations=13 (full 3):
 PSYoungGen      total 277504K, used 0K [0x00000000e0000000, 0x00000000f2680000, 0x0000000100000000)
  eden space 257536K, 0% used [0x00000000e0000000,0x00000000e0000000,0x00000000efb80000)
  from space 19968K, 0% used [0x00000000f1300000,0x00000000f1300000,0x00000000f2680000)
  to   space 22016K, 0% used [0x00000000efb80000,0x00000000efb80000,0x00000000f1100000)
 ParOldGen       total 183296K, used 41283K [0x00000000a0000000, 0x00000000ab300000, 0x00000000e0000000)
  object space 183296K, 22% used [0x00000000a0000000,0x00000000a2850c30,0x00000000ab300000)
 Metaspace       used 56874K, capacity 59076K, committed 59160K, reserved 1099776K
  class space    used 7799K, capacity 8397K, committed 8472K, reserved 1048576K
}
Event: 72.257 GC heap before
{Heap before GC invocations=14 (full 3):
 PSYoungGen      total 277504K, used 257536K [0x00000000e0000000, 0x00000000f2680000, 0x0000000100000000)
  eden space 257536K, 100% used [0x00000000e0000000,0x00000000efb80000,0x00000000efb80000)
  from space 19968K, 0% used [0x00000000f1300000,0x00000000f1300000,0x00000000f2680000)
  to   space 22016K, 0% used [0x00000000efb80000,0x00000000efb80000,0x00000000f1100000)
 ParOldGen       total 183296K, used 41283K [0x00000000a0000000, 0x00000000ab300000, 0x00000000e0000000)
  object space 183296K, 22% used [0x00000000a0000000,0x00000000a2850c30,0x00000000ab300000)
 Metaspace       used 63916K, capacity 68090K, committed 68248K, reserved 1107968K
  class space    used 8907K, capacity 10086K, committed 10136K, reserved 1048576K
Event: 72.346 GC heap after
Heap after GC invocations=14 (full 3):
 PSYoungGen      total 279552K, used 22016K [0x00000000e0000000, 0x00000000f2680000, 0x0000000100000000)
  eden space 257536K, 0% used [0x00000000e0000000,0x00000000e0000000,0x00000000efb80000)
  from space 22016K, 100% used [0x00000000efb80000,0x00000000f1100000,0x00000000f1100000)
  to   space 19968K, 0% used [0x00000000f1300000,0x00000000f1300000,0x00000000f2680000)
 ParOldGen       total 183296K, used 59125K [0x00000000a0000000, 0x00000000ab300000, 0x00000000e0000000)
  object space 183296K, 32% used [0x00000000a0000000,0x00000000a39bd4c8,0x00000000ab300000)
 Metaspace       used 63916K, capacity 68090K, committed 68248K, reserved 1107968K
  class space    used 8907K, capacity 10086K, committed 10136K, reserved 1048576K
}

